<?xml version="1.0" encoding="UTF-8"?>
<robot generator="Robot 6.1.1 (Python 3.12.0 on win32)" generated="20231213 21:37:03.339" rpa="false" schemaversion="4">
<suite id="s1" name="alarmeFeature" source="C:\Users\Uilen.Moreira\Desktop\Projeto\robot-framework-appium\src\features\alarmeFeature.robot">
<kw name="abrir aplicativo" library="baseConfiguration" type="SETUP">
<doc>abre o aplicativo mobile</doc>
<kw name="Open Application" library="AppiumLibrary">
<arg>${APPIUM_URL}</arg>
<arg>platformName=${ANDROID_PLATFORM_NAME}</arg>
<arg>deviceName=${DEVICE_NAME}</arg>
<arg>platformVersion=${ANDROID_PLATFORM_VERSION}</arg>
<arg>appPackage=${APP_PACKAGE}</arg>
<arg>automationName=${ANDROID_AUTOMATION_NAME}</arg>
<arg>appActivity=${APP_ACTIVITY}</arg>
<doc>Opens a new application to given Appium server.
Capabilities of appium server, Android and iOS,
Please check https://github.com/appium/appium/blob/master/docs/en/writing-running-appium/server-args.md
| *Option*            | *Man.* | *Description*     |
| remote_url          | Yes    | Appium server url |
| alias               | no     | alias             |
| strict_ssl          | No     | allows you to send commands to an invalid certificate host like a self-signed one. |</doc>
<status status="PASS" starttime="20231213 21:37:03.913" endtime="20231213 21:37:19.424"/>
</kw>
<status status="PASS" starttime="20231213 21:37:03.912" endtime="20231213 21:37:19.425"/>
</kw>
<test id="s1-t1" name="Cenario 01: validar que é aberto a tela de cadastrar alarmes" line="13">
<kw name="Dado que estou na aba de &quot;Alarm&quot;" library="BDDpt-br" sourcename="Dado ${keywords}">
<kw name="Run Keywords" library="BuiltIn">
<arg>${keywords}</arg>
<doc>Executes all the given keywords in a sequence.</doc>
<kw name="que estou na aba de &quot;Alarm&quot;" library="alarmeModel" sourcename="que estou na aba de &quot;${aba}&quot;">
<kw name="clicar na aba &quot;${aba}&quot;" library="alarmePage" sourcename="clicar na aba &quot;${aba}&quot;">
<kw name="aba map &quot;${aba}&quot;" library="alarmeMap" sourcename="aba map &quot;${aba}&quot;">
<var>${abaMap}</var>
<kw name="Log" library="BuiltIn">
<arg>//android.widget.FrameLayout[contains(@content-desc,'${aba}')]</arg>
<doc>Logs the given message with the given level.</doc>
<msg timestamp="20231213 21:37:19.442" level="INFO">//android.widget.FrameLayout[contains(@content-desc,'Alarm')]</msg>
<status status="PASS" starttime="20231213 21:37:19.441" endtime="20231213 21:37:19.442"/>
</kw>
<msg timestamp="20231213 21:37:19.442" level="INFO">${abaMap} = //android.widget.FrameLayout[contains(@content-desc,'Alarm')]</msg>
<status status="PASS" starttime="20231213 21:37:19.441" endtime="20231213 21:37:19.443"/>
</kw>
<kw name="espera elemento &quot;${abaMap}&quot;" library="basePage" sourcename="espera elemento &quot;${elemento}&quot;">
<kw name="Log" library="BuiltIn">
<arg>${elemento}</arg>
<doc>Logs the given message with the given level.</doc>
<msg timestamp="20231213 21:37:19.444" level="INFO">//android.widget.FrameLayout[contains(@content-desc,'Alarm')]</msg>
<status status="PASS" starttime="20231213 21:37:19.444" endtime="20231213 21:37:19.444"/>
</kw>
<kw name="Wait Until Page Contains Element" library="AppiumLibrary">
<arg>${elemento}</arg>
<arg>${timeout}</arg>
<arg>não foi possível encontrar o elemento</arg>
<doc>Waits until element specified with `locator` appears on current page.</doc>
<msg timestamp="20231213 21:37:22.866" level="INFO">xpath criteria: //android.widget.FrameLayout[contains(@content-desc,'Alarm')]</msg>
<status status="PASS" starttime="20231213 21:37:19.445" endtime="20231213 21:37:22.866"/>
</kw>
<status status="PASS" starttime="20231213 21:37:19.443" endtime="20231213 21:37:22.866"/>
</kw>
<kw name="Click Element" library="AppiumLibrary">
<arg>${abaMap}</arg>
<doc>Click element identified by `locator`.</doc>
<msg timestamp="20231213 21:37:22.868" level="INFO">Clicking element '//android.widget.FrameLayout[contains(@content-desc,'Alarm')]'.</msg>
<msg timestamp="20231213 21:37:24.153" level="INFO">xpath criteria: //android.widget.FrameLayout[contains(@content-desc,'Alarm')]</msg>
<status status="PASS" starttime="20231213 21:37:22.866" endtime="20231213 21:37:24.154"/>
</kw>
<status status="PASS" starttime="20231213 21:37:19.439" endtime="20231213 21:37:24.154"/>
</kw>
<status status="PASS" starttime="20231213 21:37:19.438" endtime="20231213 21:37:24.154"/>
</kw>
<status status="PASS" starttime="20231213 21:37:19.428" endtime="20231213 21:37:24.154"/>
</kw>
<status status="PASS" starttime="20231213 21:37:19.427" endtime="20231213 21:37:24.155"/>
</kw>
<kw name="Quando clico no botao &quot;Add&quot;" library="BDDpt-br" sourcename="Quando ${keywords}">
<kw name="Run Keywords" library="BuiltIn">
<arg>${keywords}</arg>
<doc>Executes all the given keywords in a sequence.</doc>
<kw name="clico no botao &quot;Add&quot;" library="alarmeModel" sourcename="clico no botao &quot;${botao}&quot;">
<kw name="clicar no botao &quot;${botao}&quot;" library="alarmePage" sourcename="clicar no botao &quot;${botao}&quot;">
<kw name="botao map &quot;${botao}&quot;" library="alarmeMap" sourcename="botao map &quot;${botao}&quot;">
<var>${botao_map}</var>
<kw name="Log" library="BuiltIn">
<arg>//android.widget.Button[contains(@content-desc,'${botao}')]</arg>
<doc>Logs the given message with the given level.</doc>
<msg timestamp="20231213 21:37:24.166" level="INFO">//android.widget.Button[contains(@content-desc,'Add')]</msg>
<status status="PASS" starttime="20231213 21:37:24.166" endtime="20231213 21:37:24.166"/>
</kw>
<msg timestamp="20231213 21:37:24.167" level="INFO">${botao_map} = //android.widget.Button[contains(@content-desc,'Add')]</msg>
<status status="PASS" starttime="20231213 21:37:24.165" endtime="20231213 21:37:24.167"/>
</kw>
<kw name="espera elemento &quot;${botao_map}&quot;" library="basePage" sourcename="espera elemento &quot;${elemento}&quot;">
<kw name="Log" library="BuiltIn">
<arg>${elemento}</arg>
<doc>Logs the given message with the given level.</doc>
<msg timestamp="20231213 21:37:24.168" level="INFO">//android.widget.Button[contains(@content-desc,'Add')]</msg>
<status status="PASS" starttime="20231213 21:37:24.168" endtime="20231213 21:37:24.168"/>
</kw>
<kw name="Wait Until Page Contains Element" library="AppiumLibrary">
<arg>${elemento}</arg>
<arg>${timeout}</arg>
<arg>não foi possível encontrar o elemento</arg>
<doc>Waits until element specified with `locator` appears on current page.</doc>
<msg timestamp="20231213 21:37:24.373" level="INFO">xpath criteria: //android.widget.Button[contains(@content-desc,'Add')]</msg>
<status status="PASS" starttime="20231213 21:37:24.169" endtime="20231213 21:37:24.373"/>
</kw>
<status status="PASS" starttime="20231213 21:37:24.167" endtime="20231213 21:37:24.373"/>
</kw>
<kw name="Click Element" library="AppiumLibrary">
<arg>${botao_map}</arg>
<doc>Click element identified by `locator`.</doc>
<msg timestamp="20231213 21:37:24.374" level="INFO">Clicking element '//android.widget.Button[contains(@content-desc,'Add')]'.</msg>
<msg timestamp="20231213 21:37:24.615" level="INFO">xpath criteria: //android.widget.Button[contains(@content-desc,'Add')]</msg>
<status status="PASS" starttime="20231213 21:37:24.373" endtime="20231213 21:37:24.615"/>
</kw>
<status status="PASS" starttime="20231213 21:37:24.164" endtime="20231213 21:37:24.615"/>
</kw>
<status status="PASS" starttime="20231213 21:37:24.163" endtime="20231213 21:37:24.615"/>
</kw>
<status status="PASS" starttime="20231213 21:37:24.157" endtime="20231213 21:37:24.615"/>
</kw>
<status status="PASS" starttime="20231213 21:37:24.156" endtime="20231213 21:37:24.615"/>
</kw>
<kw name="Então é aberto a tela de &quot;material_clock_hand&quot;" library="BDDpt-br" sourcename="Então ${keywords}">
<kw name="Run Keywords" library="BuiltIn">
<arg>${keywords}</arg>
<doc>Executes all the given keywords in a sequence.</doc>
<kw name="é aberto a tela de &quot;material_clock_hand&quot;" library="selectTimeModel" sourcename="é aberto a tela de &quot;${elemento}&quot;">
<kw name="esperar elemento carregar &quot;${elemento}&quot;" library="selectTimePage" sourcename="esperar elemento carregar &quot;${elemento}&quot;">
<kw name="select-time map &quot;${elemento}&quot;" library="selectTimeMap" sourcename="select-time map &quot;${id}&quot;">
<var>${elementMap}</var>
<kw name="Log" library="BuiltIn">
<arg>//android.view.View[contains(@resource-id,'${id}')]</arg>
<doc>Logs the given message with the given level.</doc>
<msg timestamp="20231213 21:37:24.623" level="INFO">//android.view.View[contains(@resource-id,'material_clock_hand')]</msg>
<status status="PASS" starttime="20231213 21:37:24.623" endtime="20231213 21:37:24.623"/>
</kw>
<msg timestamp="20231213 21:37:24.623" level="INFO">${elementMap} = //android.view.View[contains(@resource-id,'material_clock_hand')]</msg>
<status status="PASS" starttime="20231213 21:37:24.622" endtime="20231213 21:37:24.623"/>
</kw>
<kw name="espera elemento &quot;${elementMap}&quot;" library="basePage" sourcename="espera elemento &quot;${elemento}&quot;">
<kw name="Log" library="BuiltIn">
<arg>${elemento}</arg>
<doc>Logs the given message with the given level.</doc>
<msg timestamp="20231213 21:37:24.624" level="INFO">//android.view.View[contains(@resource-id,'material_clock_hand')]</msg>
<status status="PASS" starttime="20231213 21:37:24.624" endtime="20231213 21:37:24.624"/>
</kw>
<kw name="Wait Until Page Contains Element" library="AppiumLibrary">
<arg>${elemento}</arg>
<arg>${timeout}</arg>
<arg>não foi possível encontrar o elemento</arg>
<doc>Waits until element specified with `locator` appears on current page.</doc>
<msg timestamp="20231213 21:37:26.354" level="INFO">xpath criteria: //android.view.View[contains(@resource-id,'material_clock_hand')]
xpath criteria: //android.view.View[contains(@resource-id,'material_clock_hand')]</msg>
<status status="PASS" starttime="20231213 21:37:24.624" endtime="20231213 21:37:26.354"/>
</kw>
<status status="PASS" starttime="20231213 21:37:24.623" endtime="20231213 21:37:26.354"/>
</kw>
<status status="PASS" starttime="20231213 21:37:24.622" endtime="20231213 21:37:26.354"/>
</kw>
<status status="PASS" starttime="20231213 21:37:24.621" endtime="20231213 21:37:26.355"/>
</kw>
<status status="PASS" starttime="20231213 21:37:24.617" endtime="20231213 21:37:26.355"/>
</kw>
<status status="PASS" starttime="20231213 21:37:24.616" endtime="20231213 21:37:26.355"/>
</kw>
<kw name="obtem evidencia para o cenario &quot;Cenario-01_alarmeFeature&quot;" library="baseModel" type="TEARDOWN" sourcename="obtem evidencia para o cenario &quot;${cenario}&quot;">
<kw name="Capture Page Screenshot" library="AppiumLibrary">
<arg>${EVIDENCES_DIR}/${cenario}.png</arg>
<doc>Takes a screenshot of the current page and embeds it into the log.</doc>
<msg timestamp="20231213 21:37:27.970" level="INFO" html="true">&lt;/td&gt;&lt;/tr&gt;&lt;tr&gt;&lt;td colspan="3"&gt;&lt;a href="../evidences/Cenario-01_alarmeFeature.png"&gt;&lt;img src="../evidences/Cenario-01_alarmeFeature.png" width="800px"&gt;&lt;/a&gt;</msg>
<status status="PASS" starttime="20231213 21:37:26.357" endtime="20231213 21:37:27.970"/>
</kw>
<status status="PASS" starttime="20231213 21:37:26.357" endtime="20231213 21:37:27.970"/>
</kw>
<tag>validado</tag>
<status status="PASS" starttime="20231213 21:37:19.425" endtime="20231213 21:37:27.971"/>
</test>
<test id="s1-t2" name="Cenario 02: validar que é salvo o alarme" line="21">
<kw name="E clico em &quot;Cancel&quot;" library="BDDpt-br" type="SETUP" sourcename="E ${keywords}">
<kw name="Run Keywords" library="BuiltIn">
<arg>${keywords}</arg>
<doc>Executes all the given keywords in a sequence.</doc>
<kw name="clico em &quot;Cancel&quot;" library="selectTimeModel" sourcename="clico em &quot;${button}&quot;">
<kw name="clico no botao pelo nome &quot;${button}&quot;" library="selectTimePage" sourcename="clico no botao pelo nome &quot;${button}&quot;">
<kw name="botao by contains text map &quot;${button}&quot;" library="selectTimeMap" sourcename="botao by contains text map &quot;${id}&quot;">
<var>${botaoMap}</var>
<kw name="Log" library="BuiltIn">
<arg>//android.widget.Button[contains(@text,'${id}')]</arg>
<doc>Logs the given message with the given level.</doc>
<msg timestamp="20231213 21:37:27.975" level="INFO">//android.widget.Button[contains(@text,'Cancel')]</msg>
<status status="PASS" starttime="20231213 21:37:27.975" endtime="20231213 21:37:27.975"/>
</kw>
<msg timestamp="20231213 21:37:27.976" level="INFO">${botaoMap} = //android.widget.Button[contains(@text,'Cancel')]</msg>
<status status="PASS" starttime="20231213 21:37:27.975" endtime="20231213 21:37:27.976"/>
</kw>
<kw name="espera elemento &quot;${botaoMap}&quot;" library="basePage" sourcename="espera elemento &quot;${elemento}&quot;">
<kw name="Log" library="BuiltIn">
<arg>${elemento}</arg>
<doc>Logs the given message with the given level.</doc>
<msg timestamp="20231213 21:37:27.976" level="INFO">//android.widget.Button[contains(@text,'Cancel')]</msg>
<status status="PASS" starttime="20231213 21:37:27.976" endtime="20231213 21:37:27.976"/>
</kw>
<kw name="Wait Until Page Contains Element" library="AppiumLibrary">
<arg>${elemento}</arg>
<arg>${timeout}</arg>
<arg>não foi possível encontrar o elemento</arg>
<doc>Waits until element specified with `locator` appears on current page.</doc>
<msg timestamp="20231213 21:37:28.133" level="INFO">xpath criteria: //android.widget.Button[contains(@text,'Cancel')]</msg>
<status status="PASS" starttime="20231213 21:37:27.976" endtime="20231213 21:37:28.133"/>
</kw>
<status status="PASS" starttime="20231213 21:37:27.976" endtime="20231213 21:37:28.134"/>
</kw>
<kw name="Click Element" library="AppiumLibrary">
<arg>${botaoMap}</arg>
<doc>Click element identified by `locator`.</doc>
<msg timestamp="20231213 21:37:28.136" level="INFO">Clicking element '//android.widget.Button[contains(@text,'Cancel')]'.</msg>
<msg timestamp="20231213 21:37:28.336" level="INFO">xpath criteria: //android.widget.Button[contains(@text,'Cancel')]</msg>
<status status="PASS" starttime="20231213 21:37:28.134" endtime="20231213 21:37:28.336"/>
</kw>
<status status="PASS" starttime="20231213 21:37:27.975" endtime="20231213 21:37:28.336"/>
</kw>
<status status="PASS" starttime="20231213 21:37:27.974" endtime="20231213 21:37:28.337"/>
</kw>
<status status="PASS" starttime="20231213 21:37:27.972" endtime="20231213 21:37:28.337"/>
</kw>
<status status="PASS" starttime="20231213 21:37:27.972" endtime="20231213 21:37:28.337"/>
</kw>
<kw name="Dado que estou na aba de &quot;Alarm&quot;" library="BDDpt-br" sourcename="Dado ${keywords}">
<kw name="Run Keywords" library="BuiltIn">
<arg>${keywords}</arg>
<doc>Executes all the given keywords in a sequence.</doc>
<kw name="que estou na aba de &quot;Alarm&quot;" library="alarmeModel" sourcename="que estou na aba de &quot;${aba}&quot;">
<kw name="clicar na aba &quot;${aba}&quot;" library="alarmePage" sourcename="clicar na aba &quot;${aba}&quot;">
<kw name="aba map &quot;${aba}&quot;" library="alarmeMap" sourcename="aba map &quot;${aba}&quot;">
<var>${abaMap}</var>
<kw name="Log" library="BuiltIn">
<arg>//android.widget.FrameLayout[contains(@content-desc,'${aba}')]</arg>
<doc>Logs the given message with the given level.</doc>
<msg timestamp="20231213 21:37:28.344" level="INFO">//android.widget.FrameLayout[contains(@content-desc,'Alarm')]</msg>
<status status="PASS" starttime="20231213 21:37:28.344" endtime="20231213 21:37:28.344"/>
</kw>
<msg timestamp="20231213 21:37:28.344" level="INFO">${abaMap} = //android.widget.FrameLayout[contains(@content-desc,'Alarm')]</msg>
<status status="PASS" starttime="20231213 21:37:28.343" endtime="20231213 21:37:28.345"/>
</kw>
<kw name="espera elemento &quot;${abaMap}&quot;" library="basePage" sourcename="espera elemento &quot;${elemento}&quot;">
<kw name="Log" library="BuiltIn">
<arg>${elemento}</arg>
<doc>Logs the given message with the given level.</doc>
<msg timestamp="20231213 21:37:28.346" level="INFO">//android.widget.FrameLayout[contains(@content-desc,'Alarm')]</msg>
<status status="PASS" starttime="20231213 21:37:28.345" endtime="20231213 21:37:28.346"/>
</kw>
<kw name="Wait Until Page Contains Element" library="AppiumLibrary">
<arg>${elemento}</arg>
<arg>${timeout}</arg>
<arg>não foi possível encontrar o elemento</arg>
<doc>Waits until element specified with `locator` appears on current page.</doc>
<msg timestamp="20231213 21:37:29.130" level="INFO">xpath criteria: //android.widget.FrameLayout[contains(@content-desc,'Alarm')]</msg>
<status status="PASS" starttime="20231213 21:37:28.348" endtime="20231213 21:37:29.130"/>
</kw>
<status status="PASS" starttime="20231213 21:37:28.345" endtime="20231213 21:37:29.130"/>
</kw>
<kw name="Click Element" library="AppiumLibrary">
<arg>${abaMap}</arg>
<doc>Click element identified by `locator`.</doc>
<msg timestamp="20231213 21:37:29.131" level="INFO">Clicking element '//android.widget.FrameLayout[contains(@content-desc,'Alarm')]'.</msg>
<msg timestamp="20231213 21:37:29.314" level="INFO">xpath criteria: //android.widget.FrameLayout[contains(@content-desc,'Alarm')]</msg>
<status status="PASS" starttime="20231213 21:37:29.130" endtime="20231213 21:37:29.314"/>
</kw>
<status status="PASS" starttime="20231213 21:37:28.343" endtime="20231213 21:37:29.314"/>
</kw>
<status status="PASS" starttime="20231213 21:37:28.342" endtime="20231213 21:37:29.314"/>
</kw>
<status status="PASS" starttime="20231213 21:37:28.339" endtime="20231213 21:37:29.314"/>
</kw>
<status status="PASS" starttime="20231213 21:37:28.339" endtime="20231213 21:37:29.314"/>
</kw>
<kw name="Quando clico no botao &quot;Add&quot;" library="BDDpt-br" sourcename="Quando ${keywords}">
<kw name="Run Keywords" library="BuiltIn">
<arg>${keywords}</arg>
<doc>Executes all the given keywords in a sequence.</doc>
<kw name="clico no botao &quot;Add&quot;" library="alarmeModel" sourcename="clico no botao &quot;${botao}&quot;">
<kw name="clicar no botao &quot;${botao}&quot;" library="alarmePage" sourcename="clicar no botao &quot;${botao}&quot;">
<kw name="botao map &quot;${botao}&quot;" library="alarmeMap" sourcename="botao map &quot;${botao}&quot;">
<var>${botao_map}</var>
<kw name="Log" library="BuiltIn">
<arg>//android.widget.Button[contains(@content-desc,'${botao}')]</arg>
<doc>Logs the given message with the given level.</doc>
<msg timestamp="20231213 21:37:29.321" level="INFO">//android.widget.Button[contains(@content-desc,'Add')]</msg>
<status status="PASS" starttime="20231213 21:37:29.321" endtime="20231213 21:37:29.322"/>
</kw>
<msg timestamp="20231213 21:37:29.322" level="INFO">${botao_map} = //android.widget.Button[contains(@content-desc,'Add')]</msg>
<status status="PASS" starttime="20231213 21:37:29.321" endtime="20231213 21:37:29.322"/>
</kw>
<kw name="espera elemento &quot;${botao_map}&quot;" library="basePage" sourcename="espera elemento &quot;${elemento}&quot;">
<kw name="Log" library="BuiltIn">
<arg>${elemento}</arg>
<doc>Logs the given message with the given level.</doc>
<msg timestamp="20231213 21:37:29.323" level="INFO">//android.widget.Button[contains(@content-desc,'Add')]</msg>
<status status="PASS" starttime="20231213 21:37:29.322" endtime="20231213 21:37:29.323"/>
</kw>
<kw name="Wait Until Page Contains Element" library="AppiumLibrary">
<arg>${elemento}</arg>
<arg>${timeout}</arg>
<arg>não foi possível encontrar o elemento</arg>
<doc>Waits until element specified with `locator` appears on current page.</doc>
<msg timestamp="20231213 21:37:29.980" level="INFO">xpath criteria: //android.widget.Button[contains(@content-desc,'Add')]</msg>
<status status="PASS" starttime="20231213 21:37:29.323" endtime="20231213 21:37:29.980"/>
</kw>
<status status="PASS" starttime="20231213 21:37:29.322" endtime="20231213 21:37:29.981"/>
</kw>
<kw name="Click Element" library="AppiumLibrary">
<arg>${botao_map}</arg>
<doc>Click element identified by `locator`.</doc>
<msg timestamp="20231213 21:37:29.982" level="INFO">Clicking element '//android.widget.Button[contains(@content-desc,'Add')]'.</msg>
<msg timestamp="20231213 21:37:30.228" level="INFO">xpath criteria: //android.widget.Button[contains(@content-desc,'Add')]</msg>
<status status="PASS" starttime="20231213 21:37:29.981" endtime="20231213 21:37:30.229"/>
</kw>
<status status="PASS" starttime="20231213 21:37:29.320" endtime="20231213 21:37:30.229"/>
</kw>
<status status="PASS" starttime="20231213 21:37:29.320" endtime="20231213 21:37:30.230"/>
</kw>
<status status="PASS" starttime="20231213 21:37:29.316" endtime="20231213 21:37:30.230"/>
</kw>
<status status="PASS" starttime="20231213 21:37:29.315" endtime="20231213 21:37:30.230"/>
</kw>
<kw name="E seleciono as horas &quot;10&quot; e os minutos &quot;45&quot;" library="BDDpt-br" sourcename="E ${keywords}">
<kw name="Run Keywords" library="BuiltIn">
<arg>${keywords}</arg>
<doc>Executes all the given keywords in a sequence.</doc>
<kw name="seleciono as horas &quot;10&quot; e os minutos &quot;45&quot;" library="selectTimeModel" sourcename="seleciono as horas &quot;${hour}&quot; e os minutos &quot;${min}&quot;">
<kw name="clico textView pelo texto &quot;${hour}&quot; com &quot;1&quot; cliques" library="selectTimePage" sourcename="clico textView pelo texto &quot;${texto}&quot; com &quot;${taps}&quot; cliques">
<kw name="textView contains text map &quot;${texto}&quot;" library="baseMap" sourcename="textView contains text map &quot;${texto}&quot;">
<var>${elementMap}</var>
<kw name="Log" library="BuiltIn">
<arg>//android.widget.TextView[contains(@text,'${texto}')]</arg>
<doc>Logs the given message with the given level.</doc>
<msg timestamp="20231213 21:37:30.236" level="INFO">//android.widget.TextView[contains(@text,'10')]</msg>
<status status="PASS" starttime="20231213 21:37:30.235" endtime="20231213 21:37:30.236"/>
</kw>
<msg timestamp="20231213 21:37:30.236" level="INFO">${elementMap} = //android.widget.TextView[contains(@text,'10')]</msg>
<status status="PASS" starttime="20231213 21:37:30.235" endtime="20231213 21:37:30.236"/>
</kw>
<kw name="espera elemento &quot;${elementMap}&quot;" library="basePage" sourcename="espera elemento &quot;${elemento}&quot;">
<kw name="Log" library="BuiltIn">
<arg>${elemento}</arg>
<doc>Logs the given message with the given level.</doc>
<msg timestamp="20231213 21:37:30.237" level="INFO">//android.widget.TextView[contains(@text,'10')]</msg>
<status status="PASS" starttime="20231213 21:37:30.237" endtime="20231213 21:37:30.237"/>
</kw>
<kw name="Wait Until Page Contains Element" library="AppiumLibrary">
<arg>${elemento}</arg>
<arg>${timeout}</arg>
<arg>não foi possível encontrar o elemento</arg>
<doc>Waits until element specified with `locator` appears on current page.</doc>
<msg timestamp="20231213 21:37:31.697" level="INFO">xpath criteria: //android.widget.TextView[contains(@text,'10')]
xpath criteria: //android.widget.TextView[contains(@text,'10')]</msg>
<status status="PASS" starttime="20231213 21:37:30.237" endtime="20231213 21:37:31.697"/>
</kw>
<status status="PASS" starttime="20231213 21:37:30.236" endtime="20231213 21:37:31.697"/>
</kw>
<for flavor="IN RANGE">
<var>${i}</var>
<value>${taps}</value>
<iter>
<var name="${i}">0</var>
<kw name="Log" library="BuiltIn">
<arg>Current Index: ${i}</arg>
<doc>Logs the given message with the given level.</doc>
<msg timestamp="20231213 21:37:31.697" level="INFO">Current Index: 0</msg>
<status status="PASS" starttime="20231213 21:37:31.697" endtime="20231213 21:37:31.697"/>
</kw>
<kw name="Click Element" library="AppiumLibrary">
<arg>${elementMap}</arg>
<doc>Click element identified by `locator`.</doc>
<msg timestamp="20231213 21:37:31.699" level="INFO">Clicking element '//android.widget.TextView[contains(@text,'10')]'.</msg>
<msg timestamp="20231213 21:37:31.872" level="INFO">xpath criteria: //android.widget.TextView[contains(@text,'10')]</msg>
<status status="PASS" starttime="20231213 21:37:31.697" endtime="20231213 21:37:31.872"/>
</kw>
<status status="PASS" starttime="20231213 21:37:31.697" endtime="20231213 21:37:31.872"/>
</iter>
<status status="PASS" starttime="20231213 21:37:31.697" endtime="20231213 21:37:31.872"/>
</for>
<status status="PASS" starttime="20231213 21:37:30.235" endtime="20231213 21:37:31.872"/>
</kw>
<kw name="clico textView pelo texto &quot;${min}&quot; com &quot;1&quot; cliques" library="selectTimePage" sourcename="clico textView pelo texto &quot;${texto}&quot; com &quot;${taps}&quot; cliques">
<kw name="textView contains text map &quot;${texto}&quot;" library="baseMap" sourcename="textView contains text map &quot;${texto}&quot;">
<var>${elementMap}</var>
<kw name="Log" library="BuiltIn">
<arg>//android.widget.TextView[contains(@text,'${texto}')]</arg>
<doc>Logs the given message with the given level.</doc>
<msg timestamp="20231213 21:37:31.873" level="INFO">//android.widget.TextView[contains(@text,'45')]</msg>
<status status="PASS" starttime="20231213 21:37:31.873" endtime="20231213 21:37:31.873"/>
</kw>
<msg timestamp="20231213 21:37:31.873" level="INFO">${elementMap} = //android.widget.TextView[contains(@text,'45')]</msg>
<status status="PASS" starttime="20231213 21:37:31.873" endtime="20231213 21:37:31.873"/>
</kw>
<kw name="espera elemento &quot;${elementMap}&quot;" library="basePage" sourcename="espera elemento &quot;${elemento}&quot;">
<kw name="Log" library="BuiltIn">
<arg>${elemento}</arg>
<doc>Logs the given message with the given level.</doc>
<msg timestamp="20231213 21:37:31.874" level="INFO">//android.widget.TextView[contains(@text,'45')]</msg>
<status status="PASS" starttime="20231213 21:37:31.874" endtime="20231213 21:37:31.874"/>
</kw>
<kw name="Wait Until Page Contains Element" library="AppiumLibrary">
<arg>${elemento}</arg>
<arg>${timeout}</arg>
<arg>não foi possível encontrar o elemento</arg>
<doc>Waits until element specified with `locator` appears on current page.</doc>
<msg timestamp="20231213 21:37:32.677" level="INFO">xpath criteria: //android.widget.TextView[contains(@text,'45')]</msg>
<status status="PASS" starttime="20231213 21:37:31.874" endtime="20231213 21:37:32.677"/>
</kw>
<status status="PASS" starttime="20231213 21:37:31.873" endtime="20231213 21:37:32.677"/>
</kw>
<for flavor="IN RANGE">
<var>${i}</var>
<value>${taps}</value>
<iter>
<var name="${i}">0</var>
<kw name="Log" library="BuiltIn">
<arg>Current Index: ${i}</arg>
<doc>Logs the given message with the given level.</doc>
<msg timestamp="20231213 21:37:32.678" level="INFO">Current Index: 0</msg>
<status status="PASS" starttime="20231213 21:37:32.677" endtime="20231213 21:37:32.678"/>
</kw>
<kw name="Click Element" library="AppiumLibrary">
<arg>${elementMap}</arg>
<doc>Click element identified by `locator`.</doc>
<msg timestamp="20231213 21:37:32.679" level="INFO">Clicking element '//android.widget.TextView[contains(@text,'45')]'.</msg>
<msg timestamp="20231213 21:37:32.840" level="INFO">xpath criteria: //android.widget.TextView[contains(@text,'45')]</msg>
<status status="PASS" starttime="20231213 21:37:32.678" endtime="20231213 21:37:32.840"/>
</kw>
<status status="PASS" starttime="20231213 21:37:32.677" endtime="20231213 21:37:32.840"/>
</iter>
<status status="PASS" starttime="20231213 21:37:32.677" endtime="20231213 21:37:32.840"/>
</for>
<status status="PASS" starttime="20231213 21:37:31.872" endtime="20231213 21:37:32.840"/>
</kw>
<status status="PASS" starttime="20231213 21:37:30.235" endtime="20231213 21:37:32.840"/>
</kw>
<status status="PASS" starttime="20231213 21:37:30.231" endtime="20231213 21:37:32.840"/>
</kw>
<status status="PASS" starttime="20231213 21:37:30.230" endtime="20231213 21:37:32.841"/>
</kw>
<kw name="E seleciono o periodo &quot;PM&quot;" library="BDDpt-br" sourcename="E ${keywords}">
<kw name="Run Keywords" library="BuiltIn">
<arg>${keywords}</arg>
<doc>Executes all the given keywords in a sequence.</doc>
<kw name="seleciono o periodo &quot;PM&quot;" library="selectTimeModel" sourcename="seleciono o periodo &quot;${texto}&quot;">
<kw name="clico pelo texto &quot;${texto}&quot;" library="selectTimePage" sourcename="clico pelo texto &quot;${texto}&quot;">
<kw name="contains text map &quot;${texto}&quot;" library="baseMap" sourcename="contains text map &quot;${texto}&quot;">
<var>${elementMap}</var>
<kw name="Log" library="BuiltIn">
<arg>//*[contains(@text,'${texto}')]</arg>
<doc>Logs the given message with the given level.</doc>
<msg timestamp="20231213 21:37:32.847" level="INFO">//*[contains(@text,'PM')]</msg>
<status status="PASS" starttime="20231213 21:37:32.847" endtime="20231213 21:37:32.847"/>
</kw>
<msg timestamp="20231213 21:37:32.847" level="INFO">${elementMap} = //*[contains(@text,'PM')]</msg>
<status status="PASS" starttime="20231213 21:37:32.846" endtime="20231213 21:37:32.847"/>
</kw>
<kw name="espera elemento &quot;${elementMap}&quot;" library="basePage" sourcename="espera elemento &quot;${elemento}&quot;">
<kw name="Log" library="BuiltIn">
<arg>${elemento}</arg>
<doc>Logs the given message with the given level.</doc>
<msg timestamp="20231213 21:37:32.848" level="INFO">//*[contains(@text,'PM')]</msg>
<status status="PASS" starttime="20231213 21:37:32.848" endtime="20231213 21:37:32.848"/>
</kw>
<kw name="Wait Until Page Contains Element" library="AppiumLibrary">
<arg>${elemento}</arg>
<arg>${timeout}</arg>
<arg>não foi possível encontrar o elemento</arg>
<doc>Waits until element specified with `locator` appears on current page.</doc>
<msg timestamp="20231213 21:37:33.527" level="INFO">xpath criteria: //*[contains(@text,'PM')]</msg>
<status status="PASS" starttime="20231213 21:37:32.848" endtime="20231213 21:37:33.527"/>
</kw>
<status status="PASS" starttime="20231213 21:37:32.847" endtime="20231213 21:37:33.527"/>
</kw>
<kw name="Click Element" library="AppiumLibrary">
<arg>${elementMap}</arg>
<doc>Click element identified by `locator`.</doc>
<msg timestamp="20231213 21:37:33.528" level="INFO">Clicking element '//*[contains(@text,'PM')]'.</msg>
<msg timestamp="20231213 21:37:33.683" level="INFO">xpath criteria: //*[contains(@text,'PM')]</msg>
<status status="PASS" starttime="20231213 21:37:33.527" endtime="20231213 21:37:33.684"/>
</kw>
<status status="PASS" starttime="20231213 21:37:32.846" endtime="20231213 21:37:33.684"/>
</kw>
<status status="PASS" starttime="20231213 21:37:32.845" endtime="20231213 21:37:33.684"/>
</kw>
<status status="PASS" starttime="20231213 21:37:32.841" endtime="20231213 21:37:33.684"/>
</kw>
<status status="PASS" starttime="20231213 21:37:32.841" endtime="20231213 21:37:33.684"/>
</kw>
<kw name="E clico em &quot;OK&quot;" library="BDDpt-br" sourcename="E ${keywords}">
<kw name="Run Keywords" library="BuiltIn">
<arg>${keywords}</arg>
<doc>Executes all the given keywords in a sequence.</doc>
<kw name="clico em &quot;OK&quot;" library="selectTimeModel" sourcename="clico em &quot;${button}&quot;">
<kw name="clico no botao pelo nome &quot;${button}&quot;" library="selectTimePage" sourcename="clico no botao pelo nome &quot;${button}&quot;">
<kw name="botao by contains text map &quot;${button}&quot;" library="selectTimeMap" sourcename="botao by contains text map &quot;${id}&quot;">
<var>${botaoMap}</var>
<kw name="Log" library="BuiltIn">
<arg>//android.widget.Button[contains(@text,'${id}')]</arg>
<doc>Logs the given message with the given level.</doc>
<msg timestamp="20231213 21:37:33.692" level="INFO">//android.widget.Button[contains(@text,'OK')]</msg>
<status status="PASS" starttime="20231213 21:37:33.692" endtime="20231213 21:37:33.692"/>
</kw>
<msg timestamp="20231213 21:37:33.692" level="INFO">${botaoMap} = //android.widget.Button[contains(@text,'OK')]</msg>
<status status="PASS" starttime="20231213 21:37:33.691" endtime="20231213 21:37:33.692"/>
</kw>
<kw name="espera elemento &quot;${botaoMap}&quot;" library="basePage" sourcename="espera elemento &quot;${elemento}&quot;">
<kw name="Log" library="BuiltIn">
<arg>${elemento}</arg>
<doc>Logs the given message with the given level.</doc>
<msg timestamp="20231213 21:37:33.693" level="INFO">//android.widget.Button[contains(@text,'OK')]</msg>
<status status="PASS" starttime="20231213 21:37:33.693" endtime="20231213 21:37:33.693"/>
</kw>
<kw name="Wait Until Page Contains Element" library="AppiumLibrary">
<arg>${elemento}</arg>
<arg>${timeout}</arg>
<arg>não foi possível encontrar o elemento</arg>
<doc>Waits until element specified with `locator` appears on current page.</doc>
<msg timestamp="20231213 21:37:33.855" level="INFO">xpath criteria: //android.widget.Button[contains(@text,'OK')]</msg>
<status status="PASS" starttime="20231213 21:37:33.694" endtime="20231213 21:37:33.855"/>
</kw>
<status status="PASS" starttime="20231213 21:37:33.692" endtime="20231213 21:37:33.855"/>
</kw>
<kw name="Click Element" library="AppiumLibrary">
<arg>${botaoMap}</arg>
<doc>Click element identified by `locator`.</doc>
<msg timestamp="20231213 21:37:33.857" level="INFO">Clicking element '//android.widget.Button[contains(@text,'OK')]'.</msg>
<msg timestamp="20231213 21:37:34.377" level="INFO">xpath criteria: //android.widget.Button[contains(@text,'OK')]</msg>
<status status="PASS" starttime="20231213 21:37:33.855" endtime="20231213 21:37:34.377"/>
</kw>
<status status="PASS" starttime="20231213 21:37:33.689" endtime="20231213 21:37:34.377"/>
</kw>
<status status="PASS" starttime="20231213 21:37:33.689" endtime="20231213 21:37:34.377"/>
</kw>
<status status="PASS" starttime="20231213 21:37:33.686" endtime="20231213 21:37:34.377"/>
</kw>
<status status="PASS" starttime="20231213 21:37:33.684" endtime="20231213 21:37:34.377"/>
</kw>
<kw name="Então o alarme com o horario &quot;10:45&quot; foi salvo" library="BDDpt-br" sourcename="Então ${keywords}">
<kw name="Run Keywords" library="BuiltIn">
<arg>${keywords}</arg>
<doc>Executes all the given keywords in a sequence.</doc>
<kw name="o alarme com o horario &quot;10:45&quot; foi salvo" library="alarmePage" sourcename="o alarme com o horario &quot;${horario}&quot; foi salvo">
<kw name="textView contains text map &quot;${horario}&quot;" library="baseMap" sourcename="textView contains text map &quot;${texto}&quot;">
<var>${elementMap}</var>
<kw name="Log" library="BuiltIn">
<arg>//android.widget.TextView[contains(@text,'${texto}')]</arg>
<doc>Logs the given message with the given level.</doc>
<msg timestamp="20231213 21:37:34.382" level="INFO">//android.widget.TextView[contains(@text,'10:45')]</msg>
<status status="PASS" starttime="20231213 21:37:34.382" endtime="20231213 21:37:34.382"/>
</kw>
<msg timestamp="20231213 21:37:34.383" level="INFO">${elementMap} = //android.widget.TextView[contains(@text,'10:45')]</msg>
<status status="PASS" starttime="20231213 21:37:34.382" endtime="20231213 21:37:34.383"/>
</kw>
<kw name="espera elemento &quot;${elementMap}&quot;" library="basePage" sourcename="espera elemento &quot;${elemento}&quot;">
<kw name="Log" library="BuiltIn">
<arg>${elemento}</arg>
<doc>Logs the given message with the given level.</doc>
<msg timestamp="20231213 21:37:34.383" level="INFO">//android.widget.TextView[contains(@text,'10:45')]</msg>
<status status="PASS" starttime="20231213 21:37:34.383" endtime="20231213 21:37:34.384"/>
</kw>
<kw name="Wait Until Page Contains Element" library="AppiumLibrary">
<arg>${elemento}</arg>
<arg>${timeout}</arg>
<arg>não foi possível encontrar o elemento</arg>
<doc>Waits until element specified with `locator` appears on current page.</doc>
<msg timestamp="20231213 21:37:36.032" level="INFO">xpath criteria: //android.widget.TextView[contains(@text,'10:45')]</msg>
<status status="PASS" starttime="20231213 21:37:34.384" endtime="20231213 21:37:36.032"/>
</kw>
<status status="PASS" starttime="20231213 21:37:34.383" endtime="20231213 21:37:36.032"/>
</kw>
<status status="PASS" starttime="20231213 21:37:34.381" endtime="20231213 21:37:36.032"/>
</kw>
<status status="PASS" starttime="20231213 21:37:34.379" endtime="20231213 21:37:36.032"/>
</kw>
<status status="PASS" starttime="20231213 21:37:34.378" endtime="20231213 21:37:36.032"/>
</kw>
<kw name="obtem evidencia para o cenario &quot;Cenario-02_alarmeFeature&quot;" library="baseModel" type="TEARDOWN" sourcename="obtem evidencia para o cenario &quot;${cenario}&quot;">
<kw name="Capture Page Screenshot" library="AppiumLibrary">
<arg>${EVIDENCES_DIR}/${cenario}.png</arg>
<doc>Takes a screenshot of the current page and embeds it into the log.</doc>
<msg timestamp="20231213 21:37:36.599" level="INFO" html="true">&lt;/td&gt;&lt;/tr&gt;&lt;tr&gt;&lt;td colspan="3"&gt;&lt;a href="../evidences/Cenario-02_alarmeFeature.png"&gt;&lt;img src="../evidences/Cenario-02_alarmeFeature.png" width="800px"&gt;&lt;/a&gt;</msg>
<status status="PASS" starttime="20231213 21:37:36.033" endtime="20231213 21:37:36.600"/>
</kw>
<status status="PASS" starttime="20231213 21:37:36.032" endtime="20231213 21:37:36.600"/>
</kw>
<tag>validado</tag>
<status status="PASS" starttime="20231213 21:37:27.972" endtime="20231213 21:37:36.600"/>
</test>
<kw name="fechar aplicativo" library="baseConfiguration" type="TEARDOWN">
<kw name="Close Application" library="AppiumLibrary">
<doc>Closes the current application and also close webdriver session.</doc>
<status status="PASS" starttime="20231213 21:37:36.602" endtime="20231213 21:37:38.049"/>
</kw>
<status status="PASS" starttime="20231213 21:37:36.601" endtime="20231213 21:37:38.050"/>
</kw>
<doc>Configuração de um alarme</doc>
<status status="PASS" starttime="20231213 21:37:03.342" endtime="20231213 21:37:38.050"/>
</suite>
<statistics>
<total>
<stat pass="2" fail="0" skip="0">All Tests</stat>
</total>
<tag>
<stat pass="2" fail="0" skip="0">validado</stat>
</tag>
<suite>
<stat pass="2" fail="0" skip="0" id="s1" name="alarmeFeature">alarmeFeature</stat>
</suite>
</statistics>
<errors>
</errors>
</robot>
